2020-03-15 14:27:57,906  INFO [main] - mil.dtic.selenium.RunTest.readExcel 80 - The value of i is -> 1
2020-03-15 14:27:57,913  INFO [main] - mil.dtic.selenium.RunTest.readExcel 81 - testSuitesheet -> Sheet1
2020-03-15 14:27:58,006  INFO [main] - mil.dtic.selenium.RunTest.readExcel 93 - sheetTestSteps is -> LoginTestcases
2020-03-15 14:27:58,006  INFO [main] - mil.dtic.selenium.RunTest.readExcel 105 - TestCases: testCaseSerialNumber: 1
2020-03-15 14:27:58,006  INFO [main] - mil.dtic.selenium.RunTest.readExcel 106 - TestCases: testCaseNumber: TC1
2020-03-15 14:27:58,006  INFO [main] - mil.dtic.selenium.RunTest.readExcel 107 - TestCases: testCaseDescription: Login with correct username and password
2020-03-15 14:27:58,006  INFO [main] - mil.dtic.selenium.RunTest.readExcel 108 - TestCases: testCaseExecutionFlag: N
2020-03-15 14:27:58,006  INFO [main] - mil.dtic.selenium.RunTest.readExcel 221 - In test case execution flag - N
2020-03-15 14:27:58,006  INFO [main] - mil.dtic.selenium.RunTest.readExcel 105 - TestCases: testCaseSerialNumber: 2
2020-03-15 14:27:58,006  INFO [main] - mil.dtic.selenium.RunTest.readExcel 106 - TestCases: testCaseNumber: TC2
2020-03-15 14:27:58,006  INFO [main] - mil.dtic.selenium.RunTest.readExcel 107 - TestCases: testCaseDescription: Login with incorrect username and password
2020-03-15 14:27:58,006  INFO [main] - mil.dtic.selenium.RunTest.readExcel 108 - TestCases: testCaseExecutionFlag: N
2020-03-15 14:27:58,006  INFO [main] - mil.dtic.selenium.RunTest.readExcel 221 - In test case execution flag - N
2020-03-15 14:27:58,006  INFO [main] - mil.dtic.selenium.RunTest.readExcel 105 - TestCases: testCaseSerialNumber: 3
2020-03-15 14:27:58,006  INFO [main] - mil.dtic.selenium.RunTest.readExcel 106 - TestCases: testCaseNumber: TC3
2020-03-15 14:27:58,022  INFO [main] - mil.dtic.selenium.RunTest.readExcel 107 - TestCases: testCaseDescription: Login with empty username and password
2020-03-15 14:27:58,022  INFO [main] - mil.dtic.selenium.RunTest.readExcel 108 - TestCases: testCaseExecutionFlag: N
2020-03-15 14:27:58,022  INFO [main] - mil.dtic.selenium.RunTest.readExcel 221 - In test case execution flag - N
2020-03-15 14:27:58,022  INFO [main] - mil.dtic.selenium.RunTest.readExcel 105 - TestCases: testCaseSerialNumber: 4
2020-03-15 14:27:58,022  INFO [main] - mil.dtic.selenium.RunTest.readExcel 106 - TestCases: testCaseNumber: TC4
2020-03-15 14:27:58,022  INFO [main] - mil.dtic.selenium.RunTest.readExcel 107 - TestCases: testCaseDescription: Submit Application for applying Automation Practice
2020-03-15 14:27:58,022  INFO [main] - mil.dtic.selenium.RunTest.readExcel 108 - TestCases: testCaseExecutionFlag: N
2020-03-15 14:27:58,022  INFO [main] - mil.dtic.selenium.RunTest.readExcel 221 - In test case execution flag - N
2020-03-15 14:27:58,022  INFO [main] - mil.dtic.selenium.RunTest.readExcel 105 - TestCases: testCaseSerialNumber: 5
2020-03-15 14:27:58,022  INFO [main] - mil.dtic.selenium.RunTest.readExcel 106 - TestCases: testCaseNumber: TC5
2020-03-15 14:27:58,022  INFO [main] - mil.dtic.selenium.RunTest.readExcel 107 - TestCases: testCaseDescription: DTIC Search
2020-03-15 14:27:58,022  INFO [main] - mil.dtic.selenium.RunTest.readExcel 108 - TestCases: testCaseExecutionFlag: Y
2020-03-15 14:27:58,085  INFO [main] - mil.dtic.selenium.Driver.InitateDriver 24 - Now opening Browser
2020-03-15 14:27:58,085  INFO [main] - mil.dtic.selenium.Driver.InitateDriver 27 - Configuration File Reader : Browser -> chrome
2020-03-15 14:27:58,085  INFO [main] - mil.dtic.selenium.Driver.InitateDriver 28 - Configuration File Reader : Driver Path -> ./webdriver/Chrome-Version-79/chromedriver_win32/chromedriver.exe
2020-03-15 14:27:58,085  INFO [main] - mil.dtic.selenium.Driver.InitateDriver 29 - Configuration File Reader : Driver Path -> ./webdriver/Chrome-Version-79/chromedriver_win32/chromedriver.exe
2020-03-15 14:27:58,085  INFO [main] - mil.dtic.selenium.Driver.InitateDriver 43 - In Chrome ...
2020-03-15 14:27:58,100  INFO [main] - mil.dtic.selenium.Driver.InitateDriver 52 - Setting Chrome driver ...
2020-03-15 14:28:05,434  INFO [main] - mil.dtic.selenium.Driver.InitateDriver 60 - Chrome browser started
2020-03-15 14:28:05,453  INFO [main] - mil.dtic.selenium.Driver.InitateDriver 66 - Wait time is -> 10
2020-03-15 14:28:09,623  INFO [main] - mil.dtic.selenium.RunTest.readExcel 151 - testStepsSerialNumber:1
2020-03-15 14:28:09,623  INFO [main] - mil.dtic.selenium.RunTest.readExcel 152 - testStepsDescription:Open url
2020-03-15 14:28:09,623  INFO [main] - mil.dtic.selenium.RunTest.readExcel 153 - webElement:
2020-03-15 14:28:09,623  INFO [main] - mil.dtic.selenium.RunTest.readExcel 154 - webElementValue:
2020-03-15 14:28:09,632  INFO [main] - mil.dtic.selenium.RunTest.readExcel 155 - inputValue:https://discover.dtic.mil/
2020-03-15 14:28:09,632  INFO [main] - mil.dtic.selenium.RunTest.readExcel 156 - testStepsKeyword:url
2020-03-15 14:28:09,632  INFO [main] - mil.dtic.selenium.RunTest.readExcel 157 - testStepsAssertMethod:
2020-03-15 14:28:09,633  INFO [main] - mil.dtic.selenium.RunTest.readExcel 158 - testStepsActualValue:
2020-03-15 14:28:09,633  INFO [main] - mil.dtic.selenium.RunTest.readExcel 159 - testStepsExpectedValue:
2020-03-15 14:28:09,634  INFO [main] - mil.dtic.selenium.RunTest.readExcel 160 - testCaseExecutionFlag:Y
2020-03-15 14:28:09,634  INFO [main] - mil.dtic.selenium.RunTest.readExcel 162 - Setting testCaseExecutionFlag:Y to testCaseNumber : TC5
2020-03-15 14:28:09,634  INFO [main] - mil.dtic.selenium.RunTest.readExcel 165 - Executing performActions Method with the five arguments -url https://discover.dtic.mil/    
2020-03-15 14:28:09,634  INFO [main] - mil.dtic.selenium.KeywordFunctions.runTest 32 - keyword: url inputValue: https://discover.dtic.mil/ webElementValue:  
2020-03-15 14:28:10,912  INFO [main] - mil.dtic.selenium.KeywordFunctions.runTest 252 - Url is opened sucessfully
2020-03-15 14:28:10,913  INFO [main] - mil.dtic.selenium.RunTest.readExcel 196 - TC5Y
2020-03-15 14:28:10,913  INFO [main] - mil.dtic.selenium.RunTest.readExcel 151 - testStepsSerialNumber:3
2020-03-15 14:28:10,914  INFO [main] - mil.dtic.selenium.RunTest.readExcel 152 - testStepsDescription:Search
2020-03-15 14:28:10,914  INFO [main] - mil.dtic.selenium.RunTest.readExcel 153 - webElement:xpath
2020-03-15 14:28:10,915  INFO [main] - mil.dtic.selenium.RunTest.readExcel 154 - webElementValue://*[@id="gsc-i-id1"]
2020-03-15 14:28:10,916  INFO [main] - mil.dtic.selenium.RunTest.readExcel 155 - inputValue:Heat Sink
2020-03-15 14:28:10,916  INFO [main] - mil.dtic.selenium.RunTest.readExcel 156 - testStepsKeyword:input
2020-03-15 14:28:10,917  INFO [main] - mil.dtic.selenium.RunTest.readExcel 157 - testStepsAssertMethod:
2020-03-15 14:28:10,917  INFO [main] - mil.dtic.selenium.RunTest.readExcel 158 - testStepsActualValue:
2020-03-15 14:28:10,918  INFO [main] - mil.dtic.selenium.RunTest.readExcel 159 - testStepsExpectedValue:
2020-03-15 14:28:10,918  INFO [main] - mil.dtic.selenium.RunTest.readExcel 160 - testCaseExecutionFlag:Y
2020-03-15 14:28:10,919  INFO [main] - mil.dtic.selenium.RunTest.readExcel 162 - Setting testCaseExecutionFlag:Y to testCaseNumber : TC5
2020-03-15 14:28:10,919  INFO [main] - mil.dtic.selenium.RunTest.readExcel 165 - Executing performActions Method with the five arguments -input Heat Sink //*[@id="gsc-i-id1"]   
2020-03-15 14:28:10,920  INFO [main] - mil.dtic.selenium.KeywordFunctions.runTest 32 - keyword: input inputValue: Heat Sink webElementValue:  //*[@id="gsc-i-id1"]
2020-03-15 14:28:10,920  INFO [main] - mil.dtic.selenium.KeywordFunctions.runTest 85 - In keyword: input inputValue: Heat Sink webElementValue:  //*[@id="gsc-i-id1"]
2020-03-15 14:28:10,921  INFO [main] - mil.dtic.selenium.KeywordFunctions.runDriver 327 - Web Element is an - > xpath
2020-03-15 14:28:15,106  INFO [main] - mil.dtic.selenium.KeywordFunctions.runDriver 327 - Web Element is an - > xpath
2020-03-15 14:28:15,304  INFO [main] - mil.dtic.selenium.KeywordFunctions.runTest 88 - Input is performed sucessfully
2020-03-15 14:28:15,304  INFO [main] - mil.dtic.selenium.RunTest.readExcel 196 - TC5Y
2020-03-15 14:28:15,305  INFO [main] - mil.dtic.selenium.RunTest.readExcel 151 - testStepsSerialNumber:5
2020-03-15 14:28:15,305  INFO [main] - mil.dtic.selenium.RunTest.readExcel 152 - testStepsDescription:Click on Search Button
2020-03-15 14:28:15,306  INFO [main] - mil.dtic.selenium.RunTest.readExcel 153 - webElement:xpath
2020-03-15 14:28:15,306  INFO [main] - mil.dtic.selenium.RunTest.readExcel 154 - webElementValue://*[@id="___gcse_0"]/div/form/table/tbody/tr/td[2]/button
2020-03-15 14:28:15,306  INFO [main] - mil.dtic.selenium.RunTest.readExcel 155 - inputValue:
2020-03-15 14:28:15,307  INFO [main] - mil.dtic.selenium.RunTest.readExcel 156 - testStepsKeyword:click
2020-03-15 14:28:15,307  INFO [main] - mil.dtic.selenium.RunTest.readExcel 157 - testStepsAssertMethod:
2020-03-15 14:28:15,307  INFO [main] - mil.dtic.selenium.RunTest.readExcel 158 - testStepsActualValue:
2020-03-15 14:28:15,307  INFO [main] - mil.dtic.selenium.RunTest.readExcel 159 - testStepsExpectedValue:
2020-03-15 14:28:15,308  INFO [main] - mil.dtic.selenium.RunTest.readExcel 160 - testCaseExecutionFlag:Y
2020-03-15 14:28:15,308  INFO [main] - mil.dtic.selenium.RunTest.readExcel 162 - Setting testCaseExecutionFlag:Y to testCaseNumber : TC5
2020-03-15 14:28:15,308  INFO [main] - mil.dtic.selenium.RunTest.readExcel 165 - Executing performActions Method with the five arguments -click  //*[@id="___gcse_0"]/div/form/table/tbody/tr/td[2]/button   
2020-03-15 14:28:15,309  INFO [main] - mil.dtic.selenium.KeywordFunctions.runTest 32 - keyword: click inputValue:  webElementValue:  //*[@id="___gcse_0"]/div/form/table/tbody/tr/td[2]/button
2020-03-15 14:28:15,309  INFO [main] - mil.dtic.selenium.KeywordFunctions.runTest 38 - In keyword: click inputValue:  webElementValue:  //*[@id="___gcse_0"]/div/form/table/tbody/tr/td[2]/button
2020-03-15 14:28:15,309  INFO [main] - mil.dtic.selenium.KeywordFunctions.runDriver 327 - Web Element is an - > xpath
2020-03-15 14:28:18,122  INFO [main] - mil.dtic.selenium.KeywordFunctions.runTest 40 - Click is performed sucessfully
2020-03-15 14:28:18,122  INFO [main] - mil.dtic.selenium.RunTest.readExcel 196 - TC5Y
2020-03-15 14:28:18,122  INFO [main] - mil.dtic.selenium.RunTest.readExcel 151 - testStepsSerialNumber:7
2020-03-15 14:28:18,123  INFO [main] - mil.dtic.selenium.RunTest.readExcel 152 - testStepsDescription:Open document
2020-03-15 14:28:18,123  INFO [main] - mil.dtic.selenium.RunTest.readExcel 153 - webElement:xpath
2020-03-15 14:28:18,124  INFO [main] - mil.dtic.selenium.RunTest.readExcel 154 - webElementValue://*[@id="___gcse_1"]/div/div/div/div[5]/div[2]/div[1]/div/div[1]/div[1]/div[1]/div[1]/div/a
2020-03-15 14:28:18,124  INFO [main] - mil.dtic.selenium.RunTest.readExcel 155 - inputValue:
2020-03-15 14:28:18,125  INFO [main] - mil.dtic.selenium.RunTest.readExcel 156 - testStepsKeyword:click
2020-03-15 14:28:18,125  INFO [main] - mil.dtic.selenium.RunTest.readExcel 157 - testStepsAssertMethod:
2020-03-15 14:28:18,125  INFO [main] - mil.dtic.selenium.RunTest.readExcel 158 - testStepsActualValue:
2020-03-15 14:28:18,126  INFO [main] - mil.dtic.selenium.RunTest.readExcel 159 - testStepsExpectedValue:
2020-03-15 14:28:18,126  INFO [main] - mil.dtic.selenium.RunTest.readExcel 160 - testCaseExecutionFlag:Y
2020-03-15 14:28:18,126  INFO [main] - mil.dtic.selenium.RunTest.readExcel 162 - Setting testCaseExecutionFlag:Y to testCaseNumber : TC5
2020-03-15 14:28:18,127  INFO [main] - mil.dtic.selenium.RunTest.readExcel 165 - Executing performActions Method with the five arguments -click  //*[@id="___gcse_1"]/div/div/div/div[5]/div[2]/div[1]/div/div[1]/div[1]/div[1]/div[1]/div/a   
2020-03-15 14:28:18,127  INFO [main] - mil.dtic.selenium.KeywordFunctions.runTest 32 - keyword: click inputValue:  webElementValue:  //*[@id="___gcse_1"]/div/div/div/div[5]/div[2]/div[1]/div/div[1]/div[1]/div[1]/div[1]/div/a
2020-03-15 14:28:18,128  INFO [main] - mil.dtic.selenium.KeywordFunctions.runTest 38 - In keyword: click inputValue:  webElementValue:  //*[@id="___gcse_1"]/div/div/div/div[5]/div[2]/div[1]/div/div[1]/div[1]/div[1]/div[1]/div/a
2020-03-15 14:28:18,128  INFO [main] - mil.dtic.selenium.KeywordFunctions.runDriver 327 - Web Element is an - > xpath
2020-03-15 14:28:18,520  INFO [main] - mil.dtic.selenium.KeywordFunctions.runTest 40 - Click is performed sucessfully
2020-03-15 14:28:18,520  INFO [main] - mil.dtic.selenium.RunTest.readExcel 196 - TC5Y
2020-03-15 14:28:18,520  INFO [main] - mil.dtic.selenium.RunTest.readExcel 151 - testStepsSerialNumber:8
2020-03-15 14:28:18,520  INFO [main] - mil.dtic.selenium.RunTest.readExcel 152 - testStepsDescription:Sleep 
2020-03-15 14:28:18,520  INFO [main] - mil.dtic.selenium.RunTest.readExcel 153 - webElement:
2020-03-15 14:28:18,520  INFO [main] - mil.dtic.selenium.RunTest.readExcel 154 - webElementValue:
2020-03-15 14:28:18,520  INFO [main] - mil.dtic.selenium.RunTest.readExcel 155 - inputValue:5
2020-03-15 14:28:18,520  INFO [main] - mil.dtic.selenium.RunTest.readExcel 156 - testStepsKeyword:sleep
2020-03-15 14:28:18,520  INFO [main] - mil.dtic.selenium.RunTest.readExcel 157 - testStepsAssertMethod:
2020-03-15 14:28:18,520  INFO [main] - mil.dtic.selenium.RunTest.readExcel 158 - testStepsActualValue:
2020-03-15 14:28:18,520  INFO [main] - mil.dtic.selenium.RunTest.readExcel 159 - testStepsExpectedValue:
2020-03-15 14:28:18,520  INFO [main] - mil.dtic.selenium.RunTest.readExcel 160 - testCaseExecutionFlag:Y
2020-03-15 14:28:18,520  INFO [main] - mil.dtic.selenium.RunTest.readExcel 162 - Setting testCaseExecutionFlag:Y to testCaseNumber : TC5
2020-03-15 14:28:18,520  INFO [main] - mil.dtic.selenium.RunTest.readExcel 165 - Executing performActions Method with the five arguments -sleep 5    
2020-03-15 14:28:18,520  INFO [main] - mil.dtic.selenium.KeywordFunctions.runTest 32 - keyword: sleep inputValue: 5 webElementValue:  
2020-03-15 14:28:23,529  INFO [main] - mil.dtic.selenium.KeywordFunctions.runTest 289 - sleep is done sucessfully
2020-03-15 14:28:23,529  INFO [main] - mil.dtic.selenium.RunTest.readExcel 196 - TC5Y
2020-03-15 14:28:23,529  INFO [main] - mil.dtic.selenium.RunTest.readExcel 151 - testStepsSerialNumber:9
2020-03-15 14:28:23,529  INFO [main] - mil.dtic.selenium.RunTest.readExcel 152 - testStepsDescription:Close Browser
2020-03-15 14:28:23,529  INFO [main] - mil.dtic.selenium.RunTest.readExcel 153 - webElement:
2020-03-15 14:28:23,529  INFO [main] - mil.dtic.selenium.RunTest.readExcel 154 - webElementValue:
2020-03-15 14:28:23,529  INFO [main] - mil.dtic.selenium.RunTest.readExcel 155 - inputValue:
2020-03-15 14:28:23,529  INFO [main] - mil.dtic.selenium.RunTest.readExcel 156 - testStepsKeyword:CloseBrowser
2020-03-15 14:28:23,529  INFO [main] - mil.dtic.selenium.RunTest.readExcel 157 - testStepsAssertMethod:
2020-03-15 14:28:23,529  INFO [main] - mil.dtic.selenium.RunTest.readExcel 158 - testStepsActualValue:
2020-03-15 14:28:23,529  INFO [main] - mil.dtic.selenium.RunTest.readExcel 159 - testStepsExpectedValue:
2020-03-15 14:28:23,529  INFO [main] - mil.dtic.selenium.RunTest.readExcel 160 - testCaseExecutionFlag:Y
2020-03-15 14:28:23,529  INFO [main] - mil.dtic.selenium.RunTest.readExcel 162 - Setting testCaseExecutionFlag:Y to testCaseNumber : TC5
2020-03-15 14:28:23,529  INFO [main] - mil.dtic.selenium.RunTest.readExcel 165 - Executing performActions Method with the five arguments -CloseBrowser     
2020-03-15 14:28:23,529  INFO [main] - mil.dtic.selenium.KeywordFunctions.runTest 32 - keyword: CloseBrowser inputValue:  webElementValue:  
2020-03-15 14:28:24,216  INFO [main] - mil.dtic.selenium.KeywordFunctions.runTest 264 - Browser is closed sucessfully
2020-03-15 14:28:24,216  INFO [main] - mil.dtic.selenium.RunTest.readExcel 196 - TC5Y
2020-03-15 14:28:24,216  INFO [main] - mil.dtic.selenium.RunTest.readExcel 207 - In test case execution flag - Y
2020-03-15 14:28:24,216  INFO [main] - mil.dtic.selenium.RunTest.readExcel 230 - Adding to case list ...
2020-03-15 14:28:24,216  INFO [main] - mil.dtic.selenium.RunTest.readExcel 80 - The value of i is -> 2
2020-03-15 14:28:24,216  INFO [main] - mil.dtic.selenium.RunTest.readExcel 81 - testSuitesheet -> Sheet1
2020-03-15 14:28:24,216  INFO [main] - mil.dtic.selenium.RunTest.readExcel 80 - The value of i is -> 3
2020-03-15 14:28:24,216  INFO [main] - mil.dtic.selenium.RunTest.readExcel 81 - testSuitesheet -> Sheet1
2020-03-15 14:28:24,216  INFO [main] - mil.dtic.selenium.RunTest.writeToExcelFile 295 - Sheet -> LoginTestcases Test Case # -> TC5 Row Number is -> 1
2020-03-15 14:28:24,341  INFO [main] - mil.dtic.selenium.RunTest.writeToExcelFile 315 - obj.toString() -> TC5
2020-03-15 14:28:24,341  INFO [main] - mil.dtic.selenium.RunTest.writeToExcelFile 315 - obj.toString() -> 1
2020-03-15 14:28:24,341  INFO [main] - mil.dtic.selenium.RunTest.writeToExcelFile 315 - obj.toString() -> Open url
2020-03-15 14:28:24,341  INFO [main] - mil.dtic.selenium.RunTest.writeToExcelFile 315 - obj.toString() -> 
2020-03-15 14:28:24,341  INFO [main] - mil.dtic.selenium.RunTest.writeToExcelFile 315 - obj.toString() -> https://discover.dtic.mil/
2020-03-15 14:28:24,357  INFO [main] - mil.dtic.selenium.RunTest.writeToExcelFile 315 - obj.toString() -> url
2020-03-15 14:28:24,357  INFO [main] - mil.dtic.selenium.RunTest.writeToExcelFile 315 - obj.toString() -> PASSED
2020-03-15 14:28:24,357  INFO [main] - mil.dtic.selenium.RunTest.writeToExcelFile 315 - obj.toString() -> Url is opened sucessfully
2020-03-15 14:28:24,888  INFO [main] - mil.dtic.selenium.RunTest.writeToExcelFile 295 - Sheet -> LoginTestcases Test Case # -> TC5 Row Number is -> 2
2020-03-15 14:28:24,902  INFO [main] - mil.dtic.selenium.RunTest.writeToExcelFile 315 - obj.toString() -> TC5
2020-03-15 14:28:24,902  INFO [main] - mil.dtic.selenium.RunTest.writeToExcelFile 315 - obj.toString() -> 3
2020-03-15 14:28:24,902  INFO [main] - mil.dtic.selenium.RunTest.writeToExcelFile 315 - obj.toString() -> Search
2020-03-15 14:28:24,902  INFO [main] - mil.dtic.selenium.RunTest.writeToExcelFile 315 - obj.toString() -> //*[@id="gsc-i-id1"]
2020-03-15 14:28:24,902  INFO [main] - mil.dtic.selenium.RunTest.writeToExcelFile 315 - obj.toString() -> Heat Sink
2020-03-15 14:28:24,902  INFO [main] - mil.dtic.selenium.RunTest.writeToExcelFile 315 - obj.toString() -> input
2020-03-15 14:28:24,902  INFO [main] - mil.dtic.selenium.RunTest.writeToExcelFile 315 - obj.toString() -> PASSED
2020-03-15 14:28:24,902  INFO [main] - mil.dtic.selenium.RunTest.writeToExcelFile 315 - obj.toString() -> Input is performed sucessfully
2020-03-15 14:28:24,934  INFO [main] - mil.dtic.selenium.RunTest.writeToExcelFile 295 - Sheet -> LoginTestcases Test Case # -> TC5 Row Number is -> 3
2020-03-15 14:28:24,949  INFO [main] - mil.dtic.selenium.RunTest.writeToExcelFile 315 - obj.toString() -> TC5
2020-03-15 14:28:24,949  INFO [main] - mil.dtic.selenium.RunTest.writeToExcelFile 315 - obj.toString() -> 5
2020-03-15 14:28:24,965  INFO [main] - mil.dtic.selenium.RunTest.writeToExcelFile 315 - obj.toString() -> Click on Search Button
2020-03-15 14:28:24,965  INFO [main] - mil.dtic.selenium.RunTest.writeToExcelFile 315 - obj.toString() -> //*[@id="___gcse_0"]/div/form/table/tbody/tr/td[2]/button
2020-03-15 14:28:24,965  INFO [main] - mil.dtic.selenium.RunTest.writeToExcelFile 315 - obj.toString() -> 
2020-03-15 14:28:24,965  INFO [main] - mil.dtic.selenium.RunTest.writeToExcelFile 315 - obj.toString() -> click
2020-03-15 14:28:24,965  INFO [main] - mil.dtic.selenium.RunTest.writeToExcelFile 315 - obj.toString() -> PASSED
2020-03-15 14:28:24,981  INFO [main] - mil.dtic.selenium.RunTest.writeToExcelFile 315 - obj.toString() -> Click is performed sucessfully
2020-03-15 14:28:25,012  INFO [main] - mil.dtic.selenium.RunTest.writeToExcelFile 295 - Sheet -> LoginTestcases Test Case # -> TC5 Row Number is -> 4
2020-03-15 14:28:25,012  INFO [main] - mil.dtic.selenium.RunTest.writeToExcelFile 315 - obj.toString() -> TC5
2020-03-15 14:28:25,059  INFO [main] - mil.dtic.selenium.RunTest.writeToExcelFile 315 - obj.toString() -> 7
2020-03-15 14:28:25,059  INFO [main] - mil.dtic.selenium.RunTest.writeToExcelFile 315 - obj.toString() -> Open document
2020-03-15 14:28:25,074  INFO [main] - mil.dtic.selenium.RunTest.writeToExcelFile 315 - obj.toString() -> //*[@id="___gcse_1"]/div/div/div/div[5]/div[2]/div[1]/div/div[1]/div[1]/div[1]/div[1]/div/a
2020-03-15 14:28:25,074  INFO [main] - mil.dtic.selenium.RunTest.writeToExcelFile 315 - obj.toString() -> 
2020-03-15 14:28:25,074  INFO [main] - mil.dtic.selenium.RunTest.writeToExcelFile 315 - obj.toString() -> click
2020-03-15 14:28:25,074  INFO [main] - mil.dtic.selenium.RunTest.writeToExcelFile 315 - obj.toString() -> PASSED
2020-03-15 14:28:25,074  INFO [main] - mil.dtic.selenium.RunTest.writeToExcelFile 315 - obj.toString() -> Click is performed sucessfully
2020-03-15 14:28:25,106  INFO [main] - mil.dtic.selenium.RunTest.writeToExcelFile 295 - Sheet -> LoginTestcases Test Case # -> TC5 Row Number is -> 5
2020-03-15 14:28:25,121  INFO [main] - mil.dtic.selenium.RunTest.writeToExcelFile 315 - obj.toString() -> TC5
2020-03-15 14:28:25,121  INFO [main] - mil.dtic.selenium.RunTest.writeToExcelFile 315 - obj.toString() -> 8
2020-03-15 14:28:25,121  INFO [main] - mil.dtic.selenium.RunTest.writeToExcelFile 315 - obj.toString() -> Sleep 
2020-03-15 14:28:25,184  INFO [main] - mil.dtic.selenium.RunTest.writeToExcelFile 315 - obj.toString() -> 
2020-03-15 14:28:25,184  INFO [main] - mil.dtic.selenium.RunTest.writeToExcelFile 315 - obj.toString() -> 5
2020-03-15 14:28:25,199  INFO [main] - mil.dtic.selenium.RunTest.writeToExcelFile 315 - obj.toString() -> sleep
2020-03-15 14:28:25,199  INFO [main] - mil.dtic.selenium.RunTest.writeToExcelFile 315 - obj.toString() -> PASSED
2020-03-15 14:28:25,199  INFO [main] - mil.dtic.selenium.RunTest.writeToExcelFile 315 - obj.toString() -> sleep is done sucessfully
2020-03-15 14:28:25,246  INFO [main] - mil.dtic.selenium.RunTest.writeToExcelFile 295 - Sheet -> LoginTestcases Test Case # -> TC5 Row Number is -> 6
2020-03-15 14:28:25,246  INFO [main] - mil.dtic.selenium.RunTest.writeToExcelFile 315 - obj.toString() -> TC5
2020-03-15 14:28:25,246  INFO [main] - mil.dtic.selenium.RunTest.writeToExcelFile 315 - obj.toString() -> 9
2020-03-15 14:28:25,246  INFO [main] - mil.dtic.selenium.RunTest.writeToExcelFile 315 - obj.toString() -> Close Browser
2020-03-15 14:28:25,262  INFO [main] - mil.dtic.selenium.RunTest.writeToExcelFile 315 - obj.toString() -> 
2020-03-15 14:28:25,262  INFO [main] - mil.dtic.selenium.RunTest.writeToExcelFile 315 - obj.toString() -> 
2020-03-15 14:28:25,262  INFO [main] - mil.dtic.selenium.RunTest.writeToExcelFile 315 - obj.toString() -> CloseBrowser
2020-03-15 14:28:25,262  INFO [main] - mil.dtic.selenium.RunTest.writeToExcelFile 315 - obj.toString() -> PASSED
2020-03-15 14:28:25,262  INFO [main] - mil.dtic.selenium.RunTest.writeToExcelFile 315 - obj.toString() -> Browser is closed sucessfully
2020-03-15 14:28:25,293  INFO [main] - mil.dtic.selenium.RunTest.writeToExcelFile 295 - Sheet -> Test Cases Test Case # -> TC1 Row Number is -> 1
2020-03-15 14:28:25,293  INFO [main] - mil.dtic.selenium.RunTest.writeToExcelFile 315 - obj.toString() -> LoginTestcases
2020-03-15 14:28:25,293  INFO [main] - mil.dtic.selenium.RunTest.writeToExcelFile 315 - obj.toString() -> 1
2020-03-15 14:28:25,293  INFO [main] - mil.dtic.selenium.RunTest.writeToExcelFile 315 - obj.toString() -> TC1
2020-03-15 14:28:25,293  INFO [main] - mil.dtic.selenium.RunTest.writeToExcelFile 315 - obj.toString() -> Login with correct username and password
2020-03-15 14:28:25,293  INFO [main] - mil.dtic.selenium.RunTest.writeToExcelFile 315 - obj.toString() -> N
2020-03-15 14:28:25,309  INFO [main] - mil.dtic.selenium.RunTest.writeToExcelFile 315 - obj.toString() -> SKIPPED
2020-03-15 14:28:25,324  INFO [main] - mil.dtic.selenium.RunTest.writeToExcelFile 295 - Sheet -> Test Cases Test Case # -> TC2 Row Number is -> 2
2020-03-15 14:28:25,324  INFO [main] - mil.dtic.selenium.RunTest.writeToExcelFile 315 - obj.toString() -> LoginTestcases
2020-03-15 14:28:25,324  INFO [main] - mil.dtic.selenium.RunTest.writeToExcelFile 315 - obj.toString() -> 2
2020-03-15 14:28:25,324  INFO [main] - mil.dtic.selenium.RunTest.writeToExcelFile 315 - obj.toString() -> TC2
2020-03-15 14:28:25,324  INFO [main] - mil.dtic.selenium.RunTest.writeToExcelFile 315 - obj.toString() -> Login with incorrect username and password
2020-03-15 14:28:25,324  INFO [main] - mil.dtic.selenium.RunTest.writeToExcelFile 315 - obj.toString() -> N
2020-03-15 14:28:25,324  INFO [main] - mil.dtic.selenium.RunTest.writeToExcelFile 315 - obj.toString() -> SKIPPED
2020-03-15 14:28:25,340  INFO [main] - mil.dtic.selenium.RunTest.writeToExcelFile 295 - Sheet -> Test Cases Test Case # -> TC3 Row Number is -> 3
2020-03-15 14:28:25,356  INFO [main] - mil.dtic.selenium.RunTest.writeToExcelFile 315 - obj.toString() -> LoginTestcases
2020-03-15 14:28:25,356  INFO [main] - mil.dtic.selenium.RunTest.writeToExcelFile 315 - obj.toString() -> 3
2020-03-15 14:28:25,356  INFO [main] - mil.dtic.selenium.RunTest.writeToExcelFile 315 - obj.toString() -> TC3
2020-03-15 14:28:25,356  INFO [main] - mil.dtic.selenium.RunTest.writeToExcelFile 315 - obj.toString() -> Login with empty username and password
2020-03-15 14:28:25,356  INFO [main] - mil.dtic.selenium.RunTest.writeToExcelFile 315 - obj.toString() -> N
2020-03-15 14:28:25,356  INFO [main] - mil.dtic.selenium.RunTest.writeToExcelFile 315 - obj.toString() -> SKIPPED
2020-03-15 14:28:25,387  INFO [main] - mil.dtic.selenium.RunTest.writeToExcelFile 295 - Sheet -> Test Cases Test Case # -> TC4 Row Number is -> 4
2020-03-15 14:28:25,387  INFO [main] - mil.dtic.selenium.RunTest.writeToExcelFile 315 - obj.toString() -> LoginTestcases
2020-03-15 14:28:25,387  INFO [main] - mil.dtic.selenium.RunTest.writeToExcelFile 315 - obj.toString() -> 4
2020-03-15 14:28:25,387  INFO [main] - mil.dtic.selenium.RunTest.writeToExcelFile 315 - obj.toString() -> TC4
2020-03-15 14:28:25,387  INFO [main] - mil.dtic.selenium.RunTest.writeToExcelFile 315 - obj.toString() -> Submit Application for applying Automation Practice
2020-03-15 14:28:25,387  INFO [main] - mil.dtic.selenium.RunTest.writeToExcelFile 315 - obj.toString() -> N
2020-03-15 14:28:25,387  INFO [main] - mil.dtic.selenium.RunTest.writeToExcelFile 315 - obj.toString() -> SKIPPED
2020-03-15 14:28:25,418  INFO [main] - mil.dtic.selenium.RunTest.writeToExcelFile 295 - Sheet -> Test Cases Test Case # -> TC5 Row Number is -> 5
2020-03-15 14:28:25,418  INFO [main] - mil.dtic.selenium.RunTest.writeToExcelFile 315 - obj.toString() -> LoginTestcases
2020-03-15 14:28:25,418  INFO [main] - mil.dtic.selenium.RunTest.writeToExcelFile 315 - obj.toString() -> 5
2020-03-15 14:28:25,418  INFO [main] - mil.dtic.selenium.RunTest.writeToExcelFile 315 - obj.toString() -> TC5
2020-03-15 14:28:25,418  INFO [main] - mil.dtic.selenium.RunTest.writeToExcelFile 315 - obj.toString() -> DTIC Search
2020-03-15 14:28:25,418  INFO [main] - mil.dtic.selenium.RunTest.writeToExcelFile 315 - obj.toString() -> Y
2020-03-15 14:28:25,434  INFO [main] - mil.dtic.selenium.RunTest.writeToExcelFile 315 - obj.toString() -> PASSED
2020-03-15 14:28:25,449  INFO [main] - mil.dtic.selenium.RunTest.writeToExcelFile 295 - Sheet -> Test Suite Test Case # -> LoginTestcases Row Number is -> 1
2020-03-15 14:28:25,449  INFO [main] - mil.dtic.selenium.RunTest.writeToExcelFile 315 - obj.toString() -> 1
2020-03-15 14:28:25,449  INFO [main] - mil.dtic.selenium.RunTest.writeToExcelFile 315 - obj.toString() -> LoginTestcases
2020-03-15 14:28:25,465  INFO [main] - mil.dtic.selenium.RunTest.writeToExcelFile 315 - obj.toString() -> Y
2020-03-15 14:28:25,465  INFO [main] - mil.dtic.selenium.RunTest.writeToExcelFile 315 - obj.toString() -> PASSED
2020-03-15 14:28:25,481  INFO [main] - mil.dtic.selenium.RunTest.writeToExcelFile 295 - Sheet -> Test Suite Test Case # -> UserRegistrationTestCases Row Number is -> 2
2020-03-15 14:28:25,481  INFO [main] - mil.dtic.selenium.RunTest.writeToExcelFile 315 - obj.toString() -> 2
2020-03-15 14:28:25,481  INFO [main] - mil.dtic.selenium.RunTest.writeToExcelFile 315 - obj.toString() -> UserRegistrationTestCases
2020-03-15 14:28:25,481  INFO [main] - mil.dtic.selenium.RunTest.writeToExcelFile 315 - obj.toString() -> N
2020-03-15 14:28:25,481  INFO [main] - mil.dtic.selenium.RunTest.writeToExcelFile 315 - obj.toString() -> SKIPPED
2020-03-15 14:28:25,496  INFO [main] - mil.dtic.selenium.RunTest.writeToExcelFile 295 - Sheet -> Test Suite Test Case # -> AnotherTestCase Row Number is -> 3
2020-03-15 14:28:25,496  INFO [main] - mil.dtic.selenium.RunTest.writeToExcelFile 315 - obj.toString() -> 3
2020-03-15 14:28:25,496  INFO [main] - mil.dtic.selenium.RunTest.writeToExcelFile 315 - obj.toString() -> AnotherTestCase
2020-03-15 14:28:25,496  INFO [main] - mil.dtic.selenium.RunTest.writeToExcelFile 315 - obj.toString() -> N
2020-03-15 14:28:25,496  INFO [main] - mil.dtic.selenium.RunTest.writeToExcelFile 315 - obj.toString() -> SKIPPED
2020-03-15 14:28:25,731  INFO [main] - mil.dtic.selenium.RunTest.readExcel 273 - Closing workbook ...
2020-03-15 14:37:42,837  INFO [main] - mil.dtic.selenium.RunTest.readExcel 80 - The value of i is -> 1
2020-03-15 14:37:42,837  INFO [main] - mil.dtic.selenium.RunTest.readExcel 81 - testSuitesheet -> Sheet1
2020-03-15 14:37:42,916  INFO [main] - mil.dtic.selenium.RunTest.readExcel 93 - sheetTestSteps is -> LoginTestcases
2020-03-15 14:37:42,916  INFO [main] - mil.dtic.selenium.RunTest.readExcel 105 - TestCases: testCaseSerialNumber: 1
2020-03-15 14:37:42,932  INFO [main] - mil.dtic.selenium.RunTest.readExcel 106 - TestCases: testCaseNumber: TC1
2020-03-15 14:37:42,932  INFO [main] - mil.dtic.selenium.RunTest.readExcel 107 - TestCases: testCaseDescription: Login with correct username and password
2020-03-15 14:37:42,932  INFO [main] - mil.dtic.selenium.RunTest.readExcel 108 - TestCases: testCaseExecutionFlag: N
2020-03-15 14:37:42,932  INFO [main] - mil.dtic.selenium.RunTest.readExcel 221 - In test case execution flag - N
2020-03-15 14:37:42,932  INFO [main] - mil.dtic.selenium.RunTest.readExcel 105 - TestCases: testCaseSerialNumber: 2
2020-03-15 14:37:42,932  INFO [main] - mil.dtic.selenium.RunTest.readExcel 106 - TestCases: testCaseNumber: TC2
2020-03-15 14:37:42,932  INFO [main] - mil.dtic.selenium.RunTest.readExcel 107 - TestCases: testCaseDescription: Login with incorrect username and password
2020-03-15 14:37:42,932  INFO [main] - mil.dtic.selenium.RunTest.readExcel 108 - TestCases: testCaseExecutionFlag: N
2020-03-15 14:37:42,932  INFO [main] - mil.dtic.selenium.RunTest.readExcel 221 - In test case execution flag - N
2020-03-15 14:37:42,932  INFO [main] - mil.dtic.selenium.RunTest.readExcel 105 - TestCases: testCaseSerialNumber: 3
2020-03-15 14:37:42,932  INFO [main] - mil.dtic.selenium.RunTest.readExcel 106 - TestCases: testCaseNumber: TC3
2020-03-15 14:37:42,932  INFO [main] - mil.dtic.selenium.RunTest.readExcel 107 - TestCases: testCaseDescription: Login with empty username and password
2020-03-15 14:37:42,932  INFO [main] - mil.dtic.selenium.RunTest.readExcel 108 - TestCases: testCaseExecutionFlag: N
2020-03-15 14:37:42,932  INFO [main] - mil.dtic.selenium.RunTest.readExcel 221 - In test case execution flag - N
2020-03-15 14:37:42,932  INFO [main] - mil.dtic.selenium.RunTest.readExcel 105 - TestCases: testCaseSerialNumber: 4
2020-03-15 14:37:42,932  INFO [main] - mil.dtic.selenium.RunTest.readExcel 106 - TestCases: testCaseNumber: TC4
2020-03-15 14:37:42,932  INFO [main] - mil.dtic.selenium.RunTest.readExcel 107 - TestCases: testCaseDescription: Submit Application for applying Automation Practice
2020-03-15 14:37:42,932  INFO [main] - mil.dtic.selenium.RunTest.readExcel 108 - TestCases: testCaseExecutionFlag: N
2020-03-15 14:37:42,932  INFO [main] - mil.dtic.selenium.RunTest.readExcel 221 - In test case execution flag - N
2020-03-15 14:37:42,932  INFO [main] - mil.dtic.selenium.RunTest.readExcel 105 - TestCases: testCaseSerialNumber: 5
2020-03-15 14:37:42,932  INFO [main] - mil.dtic.selenium.RunTest.readExcel 106 - TestCases: testCaseNumber: TC5
2020-03-15 14:37:42,932  INFO [main] - mil.dtic.selenium.RunTest.readExcel 107 - TestCases: testCaseDescription: DTIC Search
2020-03-15 14:37:42,932  INFO [main] - mil.dtic.selenium.RunTest.readExcel 108 - TestCases: testCaseExecutionFlag: Y
2020-03-15 14:37:42,994  INFO [main] - mil.dtic.selenium.Driver.InitateDriver 24 - Now opening Browser
2020-03-15 14:37:42,994  INFO [main] - mil.dtic.selenium.Driver.InitateDriver 27 - Configuration File Reader : Browser -> chrome
2020-03-15 14:37:42,994  INFO [main] - mil.dtic.selenium.Driver.InitateDriver 28 - Configuration File Reader : Driver Path -> ./webdriver/Chrome-Version-79/chromedriver_win32/chromedriver.exe
2020-03-15 14:37:42,994  INFO [main] - mil.dtic.selenium.Driver.InitateDriver 29 - Configuration File Reader : Driver Path -> ./webdriver/Chrome-Version-79/chromedriver_win32/chromedriver.exe
2020-03-15 14:37:42,994  INFO [main] - mil.dtic.selenium.Driver.InitateDriver 43 - In Chrome ...
2020-03-15 14:37:43,010  INFO [main] - mil.dtic.selenium.Driver.InitateDriver 52 - Setting Chrome driver ...
2020-03-15 14:37:50,021  INFO [main] - mil.dtic.selenium.Driver.InitateDriver 60 - Chrome browser started
2020-03-15 14:37:50,049  INFO [main] - mil.dtic.selenium.Driver.InitateDriver 66 - Wait time is -> 10
2020-03-15 14:37:54,131  INFO [main] - mil.dtic.selenium.RunTest.readExcel 151 - testStepsSerialNumber:1
2020-03-15 14:37:54,131  INFO [main] - mil.dtic.selenium.RunTest.readExcel 152 - testStepsDescription:Open url
2020-03-15 14:37:54,131  INFO [main] - mil.dtic.selenium.RunTest.readExcel 153 - webElement:
2020-03-15 14:37:54,131  INFO [main] - mil.dtic.selenium.RunTest.readExcel 154 - webElementValue:
2020-03-15 14:37:54,143  INFO [main] - mil.dtic.selenium.RunTest.readExcel 155 - inputValue:https://discover.dtic.mil/
2020-03-15 14:37:54,143  INFO [main] - mil.dtic.selenium.RunTest.readExcel 156 - testStepsKeyword:url
2020-03-15 14:37:54,143  INFO [main] - mil.dtic.selenium.RunTest.readExcel 157 - testStepsAssertMethod:
2020-03-15 14:37:54,144  INFO [main] - mil.dtic.selenium.RunTest.readExcel 158 - testStepsActualValue:
2020-03-15 14:37:54,144  INFO [main] - mil.dtic.selenium.RunTest.readExcel 159 - testStepsExpectedValue:
2020-03-15 14:37:54,145  INFO [main] - mil.dtic.selenium.RunTest.readExcel 160 - testCaseExecutionFlag:Y
2020-03-15 14:37:54,145  INFO [main] - mil.dtic.selenium.RunTest.readExcel 162 - Setting testCaseExecutionFlag:Y to testCaseNumber : TC5
2020-03-15 14:37:54,145  INFO [main] - mil.dtic.selenium.RunTest.readExcel 165 - Executing performActions Method with the five arguments -url https://discover.dtic.mil/    
2020-03-15 14:37:54,146  INFO [main] - mil.dtic.selenium.KeywordFunctions.runTest 32 - keyword: url inputValue: https://discover.dtic.mil/ webElementValue:  
2020-03-15 14:37:56,055  INFO [main] - mil.dtic.selenium.KeywordFunctions.runTest 252 - Url is opened sucessfully
2020-03-15 14:37:56,056  INFO [main] - mil.dtic.selenium.RunTest.readExcel 196 - TC5Y
2020-03-15 14:37:56,056  INFO [main] - mil.dtic.selenium.RunTest.readExcel 151 - testStepsSerialNumber:3
2020-03-15 14:37:56,057  INFO [main] - mil.dtic.selenium.RunTest.readExcel 152 - testStepsDescription:Search
2020-03-15 14:37:56,057  INFO [main] - mil.dtic.selenium.RunTest.readExcel 153 - webElement:xpath
2020-03-15 14:37:56,058  INFO [main] - mil.dtic.selenium.RunTest.readExcel 154 - webElementValue://*[@id="gsc-i-id1"]
2020-03-15 14:37:56,058  INFO [main] - mil.dtic.selenium.RunTest.readExcel 155 - inputValue:Heat Sink
2020-03-15 14:37:56,059  INFO [main] - mil.dtic.selenium.RunTest.readExcel 156 - testStepsKeyword:input
2020-03-15 14:37:56,059  INFO [main] - mil.dtic.selenium.RunTest.readExcel 157 - testStepsAssertMethod:
2020-03-15 14:37:56,060  INFO [main] - mil.dtic.selenium.RunTest.readExcel 158 - testStepsActualValue:
2020-03-15 14:37:56,060  INFO [main] - mil.dtic.selenium.RunTest.readExcel 159 - testStepsExpectedValue:
2020-03-15 14:37:56,061  INFO [main] - mil.dtic.selenium.RunTest.readExcel 160 - testCaseExecutionFlag:Y
2020-03-15 14:37:56,061  INFO [main] - mil.dtic.selenium.RunTest.readExcel 162 - Setting testCaseExecutionFlag:Y to testCaseNumber : TC5
2020-03-15 14:37:56,061  INFO [main] - mil.dtic.selenium.RunTest.readExcel 165 - Executing performActions Method with the five arguments -input Heat Sink //*[@id="gsc-i-id1"]   
2020-03-15 14:37:56,062  INFO [main] - mil.dtic.selenium.KeywordFunctions.runTest 32 - keyword: input inputValue: Heat Sink webElementValue:  //*[@id="gsc-i-id1"]
2020-03-15 14:37:56,062  INFO [main] - mil.dtic.selenium.KeywordFunctions.runTest 85 - In keyword: input inputValue: Heat Sink webElementValue:  //*[@id="gsc-i-id1"]
2020-03-15 14:37:56,063  INFO [main] - mil.dtic.selenium.KeywordFunctions.runDriver 327 - Web Element is an - > xpath
2020-03-15 14:38:00,861  INFO [main] - mil.dtic.selenium.KeywordFunctions.runDriver 327 - Web Element is an - > xpath
2020-03-15 14:38:01,076  INFO [main] - mil.dtic.selenium.KeywordFunctions.runTest 88 - Input is performed sucessfully
2020-03-15 14:38:01,077  INFO [main] - mil.dtic.selenium.RunTest.readExcel 196 - TC5Y
2020-03-15 14:38:01,077  INFO [main] - mil.dtic.selenium.RunTest.readExcel 151 - testStepsSerialNumber:5
2020-03-15 14:38:01,078  INFO [main] - mil.dtic.selenium.RunTest.readExcel 152 - testStepsDescription:Click on Search Button
2020-03-15 14:38:01,078  INFO [main] - mil.dtic.selenium.RunTest.readExcel 153 - webElement:xpath
2020-03-15 14:38:01,079  INFO [main] - mil.dtic.selenium.RunTest.readExcel 154 - webElementValue://*[@id="___gcse_0"]/div/form/table/tbody/tr/td[2]/button
2020-03-15 14:38:01,079  INFO [main] - mil.dtic.selenium.RunTest.readExcel 155 - inputValue:
2020-03-15 14:38:01,080  INFO [main] - mil.dtic.selenium.RunTest.readExcel 156 - testStepsKeyword:click
2020-03-15 14:38:01,080  INFO [main] - mil.dtic.selenium.RunTest.readExcel 157 - testStepsAssertMethod:
2020-03-15 14:38:01,081  INFO [main] - mil.dtic.selenium.RunTest.readExcel 158 - testStepsActualValue:
2020-03-15 14:38:01,081  INFO [main] - mil.dtic.selenium.RunTest.readExcel 159 - testStepsExpectedValue:
2020-03-15 14:38:01,082  INFO [main] - mil.dtic.selenium.RunTest.readExcel 160 - testCaseExecutionFlag:Y
2020-03-15 14:38:01,082  INFO [main] - mil.dtic.selenium.RunTest.readExcel 162 - Setting testCaseExecutionFlag:Y to testCaseNumber : TC5
2020-03-15 14:38:01,083  INFO [main] - mil.dtic.selenium.RunTest.readExcel 165 - Executing performActions Method with the five arguments -click  //*[@id="___gcse_0"]/div/form/table/tbody/tr/td[2]/button   
2020-03-15 14:38:01,084  INFO [main] - mil.dtic.selenium.KeywordFunctions.runTest 32 - keyword: click inputValue:  webElementValue:  //*[@id="___gcse_0"]/div/form/table/tbody/tr/td[2]/button
2020-03-15 14:38:01,084  INFO [main] - mil.dtic.selenium.KeywordFunctions.runTest 38 - In keyword: click inputValue:  webElementValue:  //*[@id="___gcse_0"]/div/form/table/tbody/tr/td[2]/button
2020-03-15 14:38:01,084  INFO [main] - mil.dtic.selenium.KeywordFunctions.runDriver 327 - Web Element is an - > xpath
2020-03-15 14:38:03,896  INFO [main] - mil.dtic.selenium.KeywordFunctions.runTest 40 - Click is performed sucessfully
2020-03-15 14:38:03,897  INFO [main] - mil.dtic.selenium.RunTest.readExcel 196 - TC5Y
2020-03-15 14:38:03,897  INFO [main] - mil.dtic.selenium.RunTest.readExcel 151 - testStepsSerialNumber:7
2020-03-15 14:38:03,897  INFO [main] - mil.dtic.selenium.RunTest.readExcel 152 - testStepsDescription:Open document
2020-03-15 14:38:03,898  INFO [main] - mil.dtic.selenium.RunTest.readExcel 153 - webElement:xpath
2020-03-15 14:38:03,898  INFO [main] - mil.dtic.selenium.RunTest.readExcel 154 - webElementValue://*[@id="___gcse_1"]/div/div/div/div[5]/div[2]/div[1]/div/div[1]/div[1]/div[1]/div[1]/div/a
2020-03-15 14:38:03,898  INFO [main] - mil.dtic.selenium.RunTest.readExcel 155 - inputValue:
2020-03-15 14:38:03,899  INFO [main] - mil.dtic.selenium.RunTest.readExcel 156 - testStepsKeyword:click
2020-03-15 14:38:03,899  INFO [main] - mil.dtic.selenium.RunTest.readExcel 157 - testStepsAssertMethod:
2020-03-15 14:38:03,899  INFO [main] - mil.dtic.selenium.RunTest.readExcel 158 - testStepsActualValue:
2020-03-15 14:38:03,899  INFO [main] - mil.dtic.selenium.RunTest.readExcel 159 - testStepsExpectedValue:
2020-03-15 14:38:03,900  INFO [main] - mil.dtic.selenium.RunTest.readExcel 160 - testCaseExecutionFlag:Y
2020-03-15 14:38:03,900  INFO [main] - mil.dtic.selenium.RunTest.readExcel 162 - Setting testCaseExecutionFlag:Y to testCaseNumber : TC5
2020-03-15 14:38:03,900  INFO [main] - mil.dtic.selenium.RunTest.readExcel 165 - Executing performActions Method with the five arguments -click  //*[@id="___gcse_1"]/div/div/div/div[5]/div[2]/div[1]/div/div[1]/div[1]/div[1]/div[1]/div/a   
2020-03-15 14:38:03,901  INFO [main] - mil.dtic.selenium.KeywordFunctions.runTest 32 - keyword: click inputValue:  webElementValue:  //*[@id="___gcse_1"]/div/div/div/div[5]/div[2]/div[1]/div/div[1]/div[1]/div[1]/div[1]/div/a
2020-03-15 14:38:03,901  INFO [main] - mil.dtic.selenium.KeywordFunctions.runTest 38 - In keyword: click inputValue:  webElementValue:  //*[@id="___gcse_1"]/div/div/div/div[5]/div[2]/div[1]/div/div[1]/div[1]/div[1]/div[1]/div/a
2020-03-15 14:38:03,901  INFO [main] - mil.dtic.selenium.KeywordFunctions.runDriver 327 - Web Element is an - > xpath
2020-03-15 14:38:04,429  INFO [main] - mil.dtic.selenium.KeywordFunctions.runTest 40 - Click is performed sucessfully
2020-03-15 14:38:04,430  INFO [main] - mil.dtic.selenium.RunTest.readExcel 196 - TC5Y
2020-03-15 14:38:04,430  INFO [main] - mil.dtic.selenium.RunTest.readExcel 151 - testStepsSerialNumber:8
2020-03-15 14:38:04,430  INFO [main] - mil.dtic.selenium.RunTest.readExcel 152 - testStepsDescription:Sleep 
2020-03-15 14:38:04,431  INFO [main] - mil.dtic.selenium.RunTest.readExcel 153 - webElement:
2020-03-15 14:38:04,431  INFO [main] - mil.dtic.selenium.RunTest.readExcel 154 - webElementValue:
2020-03-15 14:38:04,431  INFO [main] - mil.dtic.selenium.RunTest.readExcel 155 - inputValue:5
2020-03-15 14:38:04,432  INFO [main] - mil.dtic.selenium.RunTest.readExcel 156 - testStepsKeyword:sleep
2020-03-15 14:38:04,432  INFO [main] - mil.dtic.selenium.RunTest.readExcel 157 - testStepsAssertMethod:
2020-03-15 14:38:04,432  INFO [main] - mil.dtic.selenium.RunTest.readExcel 158 - testStepsActualValue:
2020-03-15 14:38:04,433  INFO [main] - mil.dtic.selenium.RunTest.readExcel 159 - testStepsExpectedValue:
2020-03-15 14:38:04,433  INFO [main] - mil.dtic.selenium.RunTest.readExcel 160 - testCaseExecutionFlag:Y
2020-03-15 14:38:04,433  INFO [main] - mil.dtic.selenium.RunTest.readExcel 162 - Setting testCaseExecutionFlag:Y to testCaseNumber : TC5
2020-03-15 14:38:04,433  INFO [main] - mil.dtic.selenium.RunTest.readExcel 165 - Executing performActions Method with the five arguments -sleep 5    
2020-03-15 14:38:04,434  INFO [main] - mil.dtic.selenium.KeywordFunctions.runTest 32 - keyword: sleep inputValue: 5 webElementValue:  
2020-03-15 14:38:09,434  INFO [main] - mil.dtic.selenium.KeywordFunctions.runTest 289 - sleep is done sucessfully
2020-03-15 14:38:09,434  INFO [main] - mil.dtic.selenium.RunTest.readExcel 196 - TC5Y
2020-03-15 14:38:09,434  INFO [main] - mil.dtic.selenium.RunTest.readExcel 151 - testStepsSerialNumber:9
2020-03-15 14:38:09,435  INFO [main] - mil.dtic.selenium.RunTest.readExcel 152 - testStepsDescription:Close Browser
2020-03-15 14:38:09,435  INFO [main] - mil.dtic.selenium.RunTest.readExcel 153 - webElement:
2020-03-15 14:38:09,435  INFO [main] - mil.dtic.selenium.RunTest.readExcel 154 - webElementValue:
2020-03-15 14:38:09,436  INFO [main] - mil.dtic.selenium.RunTest.readExcel 155 - inputValue:
2020-03-15 14:38:09,436  INFO [main] - mil.dtic.selenium.RunTest.readExcel 156 - testStepsKeyword:CloseBrowser
2020-03-15 14:38:09,436  INFO [main] - mil.dtic.selenium.RunTest.readExcel 157 - testStepsAssertMethod:
2020-03-15 14:38:09,436  INFO [main] - mil.dtic.selenium.RunTest.readExcel 158 - testStepsActualValue:
2020-03-15 14:38:09,437  INFO [main] - mil.dtic.selenium.RunTest.readExcel 159 - testStepsExpectedValue:
2020-03-15 14:38:09,437  INFO [main] - mil.dtic.selenium.RunTest.readExcel 160 - testCaseExecutionFlag:Y
2020-03-15 14:38:09,437  INFO [main] - mil.dtic.selenium.RunTest.readExcel 162 - Setting testCaseExecutionFlag:Y to testCaseNumber : TC5
2020-03-15 14:38:09,438  INFO [main] - mil.dtic.selenium.RunTest.readExcel 165 - Executing performActions Method with the five arguments -CloseBrowser     
2020-03-15 14:38:09,438  INFO [main] - mil.dtic.selenium.KeywordFunctions.runTest 32 - keyword: CloseBrowser inputValue:  webElementValue:  
2020-03-15 14:38:10,227  INFO [main] - mil.dtic.selenium.KeywordFunctions.runTest 264 - Browser is closed sucessfully
2020-03-15 14:38:10,227  INFO [main] - mil.dtic.selenium.RunTest.readExcel 196 - TC5Y
2020-03-15 14:38:10,227  INFO [main] - mil.dtic.selenium.RunTest.readExcel 207 - In test case execution flag - Y
2020-03-15 14:38:10,227  INFO [main] - mil.dtic.selenium.RunTest.readExcel 230 - Adding to case list ...
2020-03-15 14:38:10,227  INFO [main] - mil.dtic.selenium.RunTest.readExcel 80 - The value of i is -> 2
2020-03-15 14:38:10,227  INFO [main] - mil.dtic.selenium.RunTest.readExcel 81 - testSuitesheet -> Sheet1
2020-03-15 14:38:10,227  INFO [main] - mil.dtic.selenium.RunTest.readExcel 80 - The value of i is -> 3
2020-03-15 14:38:10,227  INFO [main] - mil.dtic.selenium.RunTest.readExcel 81 - testSuitesheet -> Sheet1
2020-03-15 14:38:10,227  INFO [main] - mil.dtic.selenium.RunTest.writeToExcelFile 295 - Sheet -> LoginTestcases Test Case # -> TC5 Row Number is -> 1
2020-03-15 14:38:10,274  INFO [main] - mil.dtic.selenium.RunTest.writeToExcelFile 315 - obj.toString() -> TC5
2020-03-15 14:38:10,290  INFO [main] - mil.dtic.selenium.RunTest.writeToExcelFile 315 - obj.toString() -> 1
2020-03-15 14:38:10,290  INFO [main] - mil.dtic.selenium.RunTest.writeToExcelFile 315 - obj.toString() -> Open url
2020-03-15 14:38:10,290  INFO [main] - mil.dtic.selenium.RunTest.writeToExcelFile 315 - obj.toString() -> 
2020-03-15 14:38:10,290  INFO [main] - mil.dtic.selenium.RunTest.writeToExcelFile 315 - obj.toString() -> https://discover.dtic.mil/
2020-03-15 14:38:10,290  INFO [main] - mil.dtic.selenium.RunTest.writeToExcelFile 315 - obj.toString() -> url
2020-03-15 14:38:10,290  INFO [main] - mil.dtic.selenium.RunTest.writeToExcelFile 315 - obj.toString() -> PASSED
2020-03-15 14:38:10,290  INFO [main] - mil.dtic.selenium.RunTest.writeToExcelFile 315 - obj.toString() -> Url is opened sucessfully
2020-03-15 14:38:10,415  INFO [main] - mil.dtic.selenium.RunTest.writeToExcelFile 295 - Sheet -> LoginTestcases Test Case # -> TC5 Row Number is -> 2
2020-03-15 14:38:10,430  INFO [main] - mil.dtic.selenium.RunTest.writeToExcelFile 315 - obj.toString() -> TC5
2020-03-15 14:38:10,430  INFO [main] - mil.dtic.selenium.RunTest.writeToExcelFile 315 - obj.toString() -> 3
2020-03-15 14:38:10,430  INFO [main] - mil.dtic.selenium.RunTest.writeToExcelFile 315 - obj.toString() -> Search
2020-03-15 14:38:10,430  INFO [main] - mil.dtic.selenium.RunTest.writeToExcelFile 315 - obj.toString() -> //*[@id="gsc-i-id1"]
2020-03-15 14:38:10,430  INFO [main] - mil.dtic.selenium.RunTest.writeToExcelFile 315 - obj.toString() -> Heat Sink
2020-03-15 14:38:10,430  INFO [main] - mil.dtic.selenium.RunTest.writeToExcelFile 315 - obj.toString() -> input
2020-03-15 14:38:10,430  INFO [main] - mil.dtic.selenium.RunTest.writeToExcelFile 315 - obj.toString() -> PASSED
2020-03-15 14:38:10,430  INFO [main] - mil.dtic.selenium.RunTest.writeToExcelFile 315 - obj.toString() -> Input is performed sucessfully
2020-03-15 14:38:10,446  INFO [main] - mil.dtic.selenium.RunTest.writeToExcelFile 295 - Sheet -> LoginTestcases Test Case # -> TC5 Row Number is -> 3
2020-03-15 14:38:10,463  INFO [main] - mil.dtic.selenium.RunTest.writeToExcelFile 315 - obj.toString() -> TC5
2020-03-15 14:38:10,463  INFO [main] - mil.dtic.selenium.RunTest.writeToExcelFile 315 - obj.toString() -> 5
2020-03-15 14:38:10,463  INFO [main] - mil.dtic.selenium.RunTest.writeToExcelFile 315 - obj.toString() -> Click on Search Button
2020-03-15 14:38:10,463  INFO [main] - mil.dtic.selenium.RunTest.writeToExcelFile 315 - obj.toString() -> //*[@id="___gcse_0"]/div/form/table/tbody/tr/td[2]/button
2020-03-15 14:38:10,463  INFO [main] - mil.dtic.selenium.RunTest.writeToExcelFile 315 - obj.toString() -> 
2020-03-15 14:38:10,463  INFO [main] - mil.dtic.selenium.RunTest.writeToExcelFile 315 - obj.toString() -> click
2020-03-15 14:38:10,463  INFO [main] - mil.dtic.selenium.RunTest.writeToExcelFile 315 - obj.toString() -> PASSED
2020-03-15 14:38:10,463  INFO [main] - mil.dtic.selenium.RunTest.writeToExcelFile 315 - obj.toString() -> Click is performed sucessfully
2020-03-15 14:38:10,494  INFO [main] - mil.dtic.selenium.RunTest.writeToExcelFile 295 - Sheet -> LoginTestcases Test Case # -> TC5 Row Number is -> 4
2020-03-15 14:38:10,494  INFO [main] - mil.dtic.selenium.RunTest.writeToExcelFile 315 - obj.toString() -> TC5
2020-03-15 14:38:10,510  INFO [main] - mil.dtic.selenium.RunTest.writeToExcelFile 315 - obj.toString() -> 7
2020-03-15 14:38:10,510  INFO [main] - mil.dtic.selenium.RunTest.writeToExcelFile 315 - obj.toString() -> Open document
2020-03-15 14:38:10,510  INFO [main] - mil.dtic.selenium.RunTest.writeToExcelFile 315 - obj.toString() -> //*[@id="___gcse_1"]/div/div/div/div[5]/div[2]/div[1]/div/div[1]/div[1]/div[1]/div[1]/div/a
2020-03-15 14:38:10,510  INFO [main] - mil.dtic.selenium.RunTest.writeToExcelFile 315 - obj.toString() -> 
2020-03-15 14:38:10,510  INFO [main] - mil.dtic.selenium.RunTest.writeToExcelFile 315 - obj.toString() -> click
2020-03-15 14:38:10,510  INFO [main] - mil.dtic.selenium.RunTest.writeToExcelFile 315 - obj.toString() -> PASSED
2020-03-15 14:38:10,510  INFO [main] - mil.dtic.selenium.RunTest.writeToExcelFile 315 - obj.toString() -> Click is performed sucessfully
2020-03-15 14:38:10,572  INFO [main] - mil.dtic.selenium.RunTest.writeToExcelFile 295 - Sheet -> LoginTestcases Test Case # -> TC5 Row Number is -> 5
2020-03-15 14:38:10,588  INFO [main] - mil.dtic.selenium.RunTest.writeToExcelFile 315 - obj.toString() -> TC5
2020-03-15 14:38:10,588  INFO [main] - mil.dtic.selenium.RunTest.writeToExcelFile 315 - obj.toString() -> 8
2020-03-15 14:38:10,588  INFO [main] - mil.dtic.selenium.RunTest.writeToExcelFile 315 - obj.toString() -> Sleep 
2020-03-15 14:38:10,635  INFO [main] - mil.dtic.selenium.RunTest.writeToExcelFile 315 - obj.toString() -> 
2020-03-15 14:38:10,635  INFO [main] - mil.dtic.selenium.RunTest.writeToExcelFile 315 - obj.toString() -> 5
2020-03-15 14:38:10,650  INFO [main] - mil.dtic.selenium.RunTest.writeToExcelFile 315 - obj.toString() -> sleep
2020-03-15 14:38:10,650  INFO [main] - mil.dtic.selenium.RunTest.writeToExcelFile 315 - obj.toString() -> PASSED
2020-03-15 14:38:10,650  INFO [main] - mil.dtic.selenium.RunTest.writeToExcelFile 315 - obj.toString() -> sleep is done sucessfully
2020-03-15 14:38:10,682  INFO [main] - mil.dtic.selenium.RunTest.writeToExcelFile 295 - Sheet -> LoginTestcases Test Case # -> TC5 Row Number is -> 6
2020-03-15 14:38:10,682  INFO [main] - mil.dtic.selenium.RunTest.writeToExcelFile 315 - obj.toString() -> TC5
2020-03-15 14:38:10,682  INFO [main] - mil.dtic.selenium.RunTest.writeToExcelFile 315 - obj.toString() -> 9
2020-03-15 14:38:10,682  INFO [main] - mil.dtic.selenium.RunTest.writeToExcelFile 315 - obj.toString() -> Close Browser
2020-03-15 14:38:10,682  INFO [main] - mil.dtic.selenium.RunTest.writeToExcelFile 315 - obj.toString() -> 
2020-03-15 14:38:10,682  INFO [main] - mil.dtic.selenium.RunTest.writeToExcelFile 315 - obj.toString() -> 
2020-03-15 14:38:10,682  INFO [main] - mil.dtic.selenium.RunTest.writeToExcelFile 315 - obj.toString() -> CloseBrowser
2020-03-15 14:38:10,682  INFO [main] - mil.dtic.selenium.RunTest.writeToExcelFile 315 - obj.toString() -> PASSED
2020-03-15 14:38:10,682  INFO [main] - mil.dtic.selenium.RunTest.writeToExcelFile 315 - obj.toString() -> Browser is closed sucessfully
2020-03-15 14:38:10,729  INFO [main] - mil.dtic.selenium.RunTest.writeToExcelFile 295 - Sheet -> Test Cases Test Case # -> TC1 Row Number is -> 1
2020-03-15 14:38:10,729  INFO [main] - mil.dtic.selenium.RunTest.writeToExcelFile 315 - obj.toString() -> LoginTestcases
2020-03-15 14:38:10,729  INFO [main] - mil.dtic.selenium.RunTest.writeToExcelFile 315 - obj.toString() -> 1
2020-03-15 14:38:10,729  INFO [main] - mil.dtic.selenium.RunTest.writeToExcelFile 315 - obj.toString() -> TC1
2020-03-15 14:38:10,729  INFO [main] - mil.dtic.selenium.RunTest.writeToExcelFile 315 - obj.toString() -> Login with correct username and password
2020-03-15 14:38:10,729  INFO [main] - mil.dtic.selenium.RunTest.writeToExcelFile 315 - obj.toString() -> N
2020-03-15 14:38:10,729  INFO [main] - mil.dtic.selenium.RunTest.writeToExcelFile 315 - obj.toString() -> SKIPPED
2020-03-15 14:38:10,744  INFO [main] - mil.dtic.selenium.RunTest.writeToExcelFile 295 - Sheet -> Test Cases Test Case # -> TC2 Row Number is -> 2
2020-03-15 14:38:10,744  INFO [main] - mil.dtic.selenium.RunTest.writeToExcelFile 315 - obj.toString() -> LoginTestcases
2020-03-15 14:38:10,744  INFO [main] - mil.dtic.selenium.RunTest.writeToExcelFile 315 - obj.toString() -> 2
2020-03-15 14:38:10,744  INFO [main] - mil.dtic.selenium.RunTest.writeToExcelFile 315 - obj.toString() -> TC2
2020-03-15 14:38:10,744  INFO [main] - mil.dtic.selenium.RunTest.writeToExcelFile 315 - obj.toString() -> Login with incorrect username and password
2020-03-15 14:38:10,744  INFO [main] - mil.dtic.selenium.RunTest.writeToExcelFile 315 - obj.toString() -> N
2020-03-15 14:38:10,744  INFO [main] - mil.dtic.selenium.RunTest.writeToExcelFile 315 - obj.toString() -> SKIPPED
2020-03-15 14:38:10,760  INFO [main] - mil.dtic.selenium.RunTest.writeToExcelFile 295 - Sheet -> Test Cases Test Case # -> TC3 Row Number is -> 3
2020-03-15 14:38:10,760  INFO [main] - mil.dtic.selenium.RunTest.writeToExcelFile 315 - obj.toString() -> LoginTestcases
2020-03-15 14:38:10,760  INFO [main] - mil.dtic.selenium.RunTest.writeToExcelFile 315 - obj.toString() -> 3
2020-03-15 14:38:10,760  INFO [main] - mil.dtic.selenium.RunTest.writeToExcelFile 315 - obj.toString() -> TC3
2020-03-15 14:38:10,760  INFO [main] - mil.dtic.selenium.RunTest.writeToExcelFile 315 - obj.toString() -> Login with empty username and password
2020-03-15 14:38:10,775  INFO [main] - mil.dtic.selenium.RunTest.writeToExcelFile 315 - obj.toString() -> N
2020-03-15 14:38:10,775  INFO [main] - mil.dtic.selenium.RunTest.writeToExcelFile 315 - obj.toString() -> SKIPPED
2020-03-15 14:38:10,799  INFO [main] - mil.dtic.selenium.RunTest.writeToExcelFile 295 - Sheet -> Test Cases Test Case # -> TC4 Row Number is -> 4
2020-03-15 14:38:10,802  INFO [main] - mil.dtic.selenium.RunTest.writeToExcelFile 315 - obj.toString() -> LoginTestcases
2020-03-15 14:38:10,802  INFO [main] - mil.dtic.selenium.RunTest.writeToExcelFile 315 - obj.toString() -> 4
2020-03-15 14:38:10,802  INFO [main] - mil.dtic.selenium.RunTest.writeToExcelFile 315 - obj.toString() -> TC4
2020-03-15 14:38:10,802  INFO [main] - mil.dtic.selenium.RunTest.writeToExcelFile 315 - obj.toString() -> Submit Application for applying Automation Practice
2020-03-15 14:38:10,802  INFO [main] - mil.dtic.selenium.RunTest.writeToExcelFile 315 - obj.toString() -> N
2020-03-15 14:38:10,802  INFO [main] - mil.dtic.selenium.RunTest.writeToExcelFile 315 - obj.toString() -> SKIPPED
2020-03-15 14:38:10,818  INFO [main] - mil.dtic.selenium.RunTest.writeToExcelFile 295 - Sheet -> Test Cases Test Case # -> TC5 Row Number is -> 5
2020-03-15 14:38:10,834  INFO [main] - mil.dtic.selenium.RunTest.writeToExcelFile 315 - obj.toString() -> LoginTestcases
2020-03-15 14:38:10,834  INFO [main] - mil.dtic.selenium.RunTest.writeToExcelFile 315 - obj.toString() -> 5
2020-03-15 14:38:10,834  INFO [main] - mil.dtic.selenium.RunTest.writeToExcelFile 315 - obj.toString() -> TC5
2020-03-15 14:38:10,834  INFO [main] - mil.dtic.selenium.RunTest.writeToExcelFile 315 - obj.toString() -> DTIC Search
2020-03-15 14:38:10,834  INFO [main] - mil.dtic.selenium.RunTest.writeToExcelFile 315 - obj.toString() -> Y
2020-03-15 14:38:10,834  INFO [main] - mil.dtic.selenium.RunTest.writeToExcelFile 315 - obj.toString() -> PASSED
2020-03-15 14:38:10,849  INFO [main] - mil.dtic.selenium.RunTest.writeToExcelFile 295 - Sheet -> Test Suite Test Case # -> LoginTestcases Row Number is -> 1
2020-03-15 14:38:10,849  INFO [main] - mil.dtic.selenium.RunTest.writeToExcelFile 315 - obj.toString() -> 1
2020-03-15 14:38:10,849  INFO [main] - mil.dtic.selenium.RunTest.writeToExcelFile 315 - obj.toString() -> LoginTestcases
2020-03-15 14:38:10,849  INFO [main] - mil.dtic.selenium.RunTest.writeToExcelFile 315 - obj.toString() -> Y
2020-03-15 14:38:10,849  INFO [main] - mil.dtic.selenium.RunTest.writeToExcelFile 315 - obj.toString() -> PASSED
2020-03-15 14:38:10,865  INFO [main] - mil.dtic.selenium.RunTest.writeToExcelFile 295 - Sheet -> Test Suite Test Case # -> UserRegistrationTestCases Row Number is -> 2
2020-03-15 14:38:10,865  INFO [main] - mil.dtic.selenium.RunTest.writeToExcelFile 315 - obj.toString() -> 2
2020-03-15 14:38:10,865  INFO [main] - mil.dtic.selenium.RunTest.writeToExcelFile 315 - obj.toString() -> UserRegistrationTestCases
2020-03-15 14:38:10,865  INFO [main] - mil.dtic.selenium.RunTest.writeToExcelFile 315 - obj.toString() -> N
2020-03-15 14:38:10,865  INFO [main] - mil.dtic.selenium.RunTest.writeToExcelFile 315 - obj.toString() -> SKIPPED
2020-03-15 14:38:10,881  INFO [main] - mil.dtic.selenium.RunTest.writeToExcelFile 295 - Sheet -> Test Suite Test Case # -> AnotherTestCase Row Number is -> 3
2020-03-15 14:38:10,881  INFO [main] - mil.dtic.selenium.RunTest.writeToExcelFile 315 - obj.toString() -> 3
2020-03-15 14:38:10,881  INFO [main] - mil.dtic.selenium.RunTest.writeToExcelFile 315 - obj.toString() -> AnotherTestCase
2020-03-15 14:38:10,881  INFO [main] - mil.dtic.selenium.RunTest.writeToExcelFile 315 - obj.toString() -> N
2020-03-15 14:38:10,881  INFO [main] - mil.dtic.selenium.RunTest.writeToExcelFile 315 - obj.toString() -> SKIPPED
2020-03-15 14:38:11,037  INFO [main] - mil.dtic.selenium.RunTest.readExcel 273 - Closing workbook ...
